# JRE version: OpenJDK Runtime Environment Temurin-17.0.11+9 (17.0.11+9) (build 17.0.11+9)
# Java VM: OpenJDK 64-Bit Server VM Temurin-17.0.11+9 (17.0.11+9, mixed mode, emulated-client, tiered, compressed oops, compressed class ptrs, g1 gc, windows-amd64)
GC Precious Log:
 CPUs: 8 total, 8 available
 Memory: 16107M
 Large Page Support: Disabled
 NUMA Support: Disabled
 Compressed Oops: Enabled (32-bit)
 Heap Region Size: 1M
 Heap Min Capacity: 8M
 Heap Initial Capacity: 252M
 Heap Max Capacity: 1G
 Pre-touch: Disabled
 Parallel Workers: 8
 Concurrent Workers: 2
 Concurrent Refinement Workers: 8
 Periodic GC: Disabled
Heap:
 garbage-first heap   total 78848K, used 30067K [0x00000000c0000000, 0x0000000100000000)
  region size 1024K, 1 young (1024K), 0 survivors (0K)
 Metaspace       used 59724K, committed 60224K, reserved 1114112K
  class space    used 7400K, committed 7616K, reserved 1048576K
GC Heap History (20 events):
Event: 643425.474 GC heap before
{Heap before GC invocations=31383 (full 31370):
 garbage-first heap   total 78848K, used 30067K [0x00000000c0000000, 0x0000000100000000)
  region size 1024K, 1 young (1024K), 0 survivors (0K)
 Metaspace       used 59724K, committed 60224K, reserved 1114112K
  class space    used 7400K, committed 7616K, reserved 1048576K
}
Event: 643425.548 GC heap after
{Heap after GC invocations=31384 (full 31371):
 garbage-first heap   total 78848K, used 30067K [0x00000000c0000000, 0x0000000100000000)
  region size 1024K, 0 young (0K), 0 survivors (0K)
 Metaspace       used 59724K, committed 60224K, reserved 1114112K
  class space    used 7400K, committed 7616K, reserved 1048576K
}
Event: 643435.873 GC heap before
{Heap before GC invocations=31384 (full 31371):
 garbage-first heap   total 78848K, used 30067K [0x00000000c0000000, 0x0000000100000000)
  region size 1024K, 1 young (1024K), 0 survivors (0K)
 Metaspace       used 59724K, committed 60224K, reserved 1114112K
  class space    used 7400K, committed 7616K, reserved 1048576K
}
Event: 643435.934 GC heap after
{Heap after GC invocations=31385 (full 31372):
 garbage-first heap   total 78848K, used 30067K [0x00000000c0000000, 0x0000000100000000)
  region size 1024K, 0 young (0K), 0 survivors (0K)
 Metaspace       used 59724K, committed 60224K, reserved 1114112K
  class space    used 7400K, committed 7616K, reserved 1048576K
}
Event: 643446.262 GC heap before
{Heap before GC invocations=31385 (full 31372):
 garbage-first heap   total 78848K, used 30067K [0x00000000c0000000, 0x0000000100000000)
  region size 1024K, 1 young (1024K), 0 survivors (0K)
 Metaspace       used 59724K, committed 60224K, reserved 1114112K
  class space    used 7400K, committed 7616K, reserved 1048576K
}
Event: 643446.335 GC heap after
{Heap after GC invocations=31386 (full 31373):
 garbage-first heap   total 78848K, used 30067K [0x00000000c0000000, 0x0000000100000000)
  region size 1024K, 0 young (0K), 0 survivors (0K)
 Metaspace       used 59724K, committed 60224K, reserved 1114112K
  class space    used 7400K, committed 7616K, reserved 1048576K
}
Event: 643456.644 GC heap before
{Heap before GC invocations=31386 (full 31373):
 garbage-first heap   total 78848K, used 30067K [0x00000000c0000000, 0x0000000100000000)
  region size 1024K, 1 young (1024K), 0 survivors (0K)
 Metaspace       used 59724K, committed 60224K, reserved 1114112K
  class space    used 7400K, committed 7616K, reserved 1048576K
}
Event: 643456.710 GC heap after
{Heap after GC invocations=31387 (full 31374):
 garbage-first heap   total 78848K, used 30067K [0x00000000c0000000, 0x0000000100000000)
  region size 1024K, 0 young (0K), 0 survivors (0K)
 Metaspace       used 59724K, committed 60224K, reserved 1114112K
  class space    used 7400K, committed 7616K, reserved 1048576K
}
Event: 643467.000 GC heap before
{Heap before GC invocations=31387 (full 31374):
 garbage-first heap   total 78848K, used 30067K [0x00000000c0000000, 0x0000000100000000)
  region size 1024K, 1 young (1024K), 0 survivors (0K)
 Metaspace       used 59724K, committed 60224K, reserved 1114112K
  class space    used 7400K, committed 7616K, reserved 1048576K
}
Event: 643467.064 GC heap after
{Heap after GC invocations=31388 (full 31375):
 garbage-first heap   total 78848K, used 30067K [0x00000000c0000000, 0x0000000100000000)
  region size 1024K, 0 young (0K), 0 survivors (0K)
 Metaspace       used 59724K, committed 60224K, reserved 1114112K
  class space    used 7400K, committed 7616K, reserved 1048576K
}
Event: 643477.365 GC heap before
{Heap before GC invocations=31388 (full 31375):
 garbage-first heap   total 78848K, used 30067K [0x00000000c0000000, 0x0000000100000000)
  region size 1024K, 1 young (1024K), 0 survivors (0K)
 Metaspace       used 59724K, committed 60224K, reserved 1114112K
  class space    used 7400K, committed 7616K, reserved 1048576K
}
Event: 643477.426 GC heap after
{Heap after GC invocations=31389 (full 31376):
 garbage-first heap   total 78848K, used 30067K [0x00000000c0000000, 0x0000000100000000)
  region size 1024K, 0 young (0K), 0 survivors (0K)
 Metaspace       used 59724K, committed 60224K, reserved 1114112K
  class space    used 7400K, committed 7616K, reserved 1048576K
}
Event: 643487.726 GC heap before
{Heap before GC invocations=31389 (full 31376):
 garbage-first heap   total 78848K, used 30067K [0x00000000c0000000, 0x0000000100000000)
  region size 1024K, 1 young (1024K), 0 survivors (0K)
 Metaspace       used 59724K, committed 60224K, reserved 1114112K
  class space    used 7400K, committed 7616K, reserved 1048576K
}
Event: 643487.804 GC heap after
{Heap after GC invocations=31390 (full 31377):
 garbage-first heap   total 78848K, used 30067K [0x00000000c0000000, 0x0000000100000000)
  region size 1024K, 0 young (0K), 0 survivors (0K)
 Metaspace       used 59724K, committed 60224K, reserved 1114112K
  class space    used 7400K, committed 7616K, reserved 1048576K
}
Event: 643498.106 GC heap before
{Heap before GC invocations=31390 (full 31377):
 garbage-first heap   total 78848K, used 30067K [0x00000000c0000000, 0x0000000100000000)
  region size 1024K, 1 young (1024K), 0 survivors (0K)
 Metaspace       used 59724K, committed 60224K, reserved 1114112K
  class space    used 7400K, committed 7616K, reserved 1048576K
}
Event: 643498.179 GC heap after
{Heap after GC invocations=31391 (full 31378):
 garbage-first heap   total 78848K, used 30067K [0x00000000c0000000, 0x0000000100000000)
  region size 1024K, 0 young (0K), 0 survivors (0K)
 Metaspace       used 59724K, committed 60224K, reserved 1114112K
  class space    used 7400K, committed 7616K, reserved 1048576K
}
Event: 643508.465 GC heap before
{Heap before GC invocations=31391 (full 31378):
 garbage-first heap   total 78848K, used 30067K [0x00000000c0000000, 0x0000000100000000)
  region size 1024K, 1 young (1024K), 0 survivors (0K)
 Metaspace       used 59724K, committed 60224K, reserved 1114112K
  class space    used 7400K, committed 7616K, reserved 1048576K
}
Event: 643508.544 GC heap after
{Heap after GC invocations=31392 (full 31379):
 garbage-first heap   total 78848K, used 30067K [0x00000000c0000000, 0x0000000100000000)
  region size 1024K, 0 young (0K), 0 survivors (0K)
 Metaspace       used 59724K, committed 60224K, reserved 1114112K
  class space    used 7400K, committed 7616K, reserved 1048576K
}
Event: 643518.838 GC heap before
{Heap before GC invocations=31392 (full 31379):
 garbage-first heap   total 78848K, used 30067K [0x00000000c0000000, 0x0000000100000000)
  region size 1024K, 1 young (1024K), 0 survivors (0K)
 Metaspace       used 59724K, committed 60224K, reserved 1114112K
  class space    used 7400K, committed 7616K, reserved 1048576K
}
Event: 643518.924 GC heap after
{Heap after GC invocations=31393 (full 31380):
 garbage-first heap   total 78848K, used 30067K [0x00000000c0000000, 0x0000000100000000)
  region size 1024K, 0 young (0K), 0 survivors (0K)
 Metaspace       used 59724K, committed 60224K, reserved 1114112K
  class space    used 7400K, committed 7616K, reserved 1048576K
}

